Found 53 photo folders

[1/53] Processing: .
  ✗ No description found

[2/53] Processing: AdrenalTb
  ✓ Downloaded photo.jpg
  ✓ Downloaded description (101 chars)

[3/53] Processing: BilateralIVCs
  ✓ Downloaded photo.jpg
  ✓ Downloaded description (94 chars)

[4/53] Processing: FluidinPararenalSpace
  ✓ Downloaded photo.jpg
  ✓ Downloaded description (176 chars)

[5/53] Processing: Lymphoma
  ✓ Downloaded photo.jpg
  ✓ Downloaded description (138 chars)

[6/53] Processing: MetastasisRtKidney
  ✓ Downloaded photo.jpg
  ✓ Downloaded description (118 chars)

[7/53] Processing: Multilocularcyst_nephroma
  ✓ Downloaded photo.jpg
  ✓ Downloaded description (116 chars)

[8/53] Processing: NutcrackerSyndrome
  ✓ Downloaded photo.jpg
  ✓ Downloaded description (276 chars)

[9/53] Processing: PolycysticKidneys
  ✓ Downloaded photo.jpg
  ✓ Downloaded description (100 chars)

[10/53] Processing: PolycysticScontrast
  ✓ Downloaded photo.jpg
  ✓ Downloaded description (117 chars)

[11/53] Processing: RenalArtAneurysm
  ✓ Downloaded photo.jpg
  ✓ Downloaded description (103 chars)

[12/53] Processing: RenalArtAneurysm2
  ✓ Downloaded photo.jpg
  ✓ Downloaded description (103 chars)

[13/53] Processing: RenalArtStenosis
  ✓ Downloaded photo.jpg
  ✗ No description found

[14/53] Processing: RenalArtStenosis1
  ✓ Downloaded photo.jpg
  ✓ Downloaded description (103 chars)

[15/53] Processing: RenalArteryStenosis
  ✓ Downloaded photo.jpg
  ✓ Downloaded description (102 chars)

[16/53] Processing: RenalCellCa
  ✓ Downloaded photo.jpg
  ✓ Downloaded description (131 chars)

[17/53] Processing: RenalVThrombosis
  ✓ Downloaded photo.jpg
  ✓ Downloaded description (152 chars)

[18/53] Processing: Retrocaval%20Ureter
  ✓ Downloaded photo.jpg
  ✓ Downloaded description (99 chars)

[19/53] Processing: Ruptured%20Bladder
  ✓ Downloaded photo.jpg
  ✓ Downloaded description (113 chars)

[20/53] Processing: SubcapsularHematoma
  ✓ Downloaded photo.jpg
  ✓ Downloaded description (114 chars)

[21/53] Processing: Transitional%20Cell%20Ca%20Ureter
  ✓ Downloaded photo.jpg
  ✓ Downloaded description (120 chars)

[22/53] Processing: Transitional%20Cell%20Prox%20Ureter
  ✓ Downloaded photo.jpg
  ✓ Downloaded description (128 chars)

[23/53] Processing: Traumatic%20injury%20rt%20renal%20pedicle
  ✓ Downloaded photo.jpg
  ✓ Downloaded description (151 chars)

[24/53] Processing: Ureterocele
  ✓ Downloaded photo.jpg
  ✓ Downloaded description (93 chars)

[25/53] Processing: WilmsTumor
  ✓ Downloaded photo.jpg
  ✓ Downloaded description (94 chars)

[26/53] Processing: XanthogranulomatousPyelo
  ✓ Downloaded photo.jpg
  ✓ Downloaded description (116 chars)

[27/53] Processing: aaa
  ✓ Downloaded photo.jpg
  ✓ Downloaded description (107 chars)

[28/53] Processing: anemia1
  ✓ Downloaded photo.jpg
  ✓ Downloaded description (314 chars)

[29/53] Processing: angiomyolipoma
  ✓ Downloaded photo.jpg
  ✓ Downloaded description (152 chars)

[30/53] Processing: emphysematous_pyelo
  ✓ Downloaded photo.jpg
  ✓ Downloaded description (110 chars)

[31/53] Processing: enlarged_l_renal_vein
  ✓ Downloaded photo.jpg
  ✓ Downloaded description (105 chars)

[32/53] Processing: enlargedleftrenalvein
  ✓ Downloaded photo.jpg
  ✓ Downloaded description (105 chars)

[33/53] Processing: fabry
  ✓ Downloaded photo.jpg
  ✓ Downloaded description (133 chars)

[34/53] Processing: fibromusculardysplasia
  ✓ Downloaded photo.jpg
  ✓ Downloaded description (103 chars)

[35/53] Processing: horseshoekidney
  ✓ Downloaded photo.jpg
  ✓ Downloaded description (98 chars)

[36/53] Processing: hydronephrosis_US
  ✓ Downloaded photo.jpg
  ✓ Downloaded description (109 chars)

[37/53] Processing: kidney_cyst1
  ✓ Downloaded photo.jpg
  ✓ Downloaded description (93 chars)

[38/53] Processing: kidneycyst2
  ✓ Downloaded photo.jpg
  ✓ Downloaded description (93 chars)

[39/53] Processing: large_gonadal_V
  ✓ Downloaded photo.jpg
  ✓ Downloaded description (107 chars)

[40/53] Processing: left_uv_stone
  ✓ Downloaded photo.jpg
  ✓ Downloaded description (154 chars)

[41/53] Processing: lymphoma_kidney
  ✓ Downloaded photo.jpg
  ✓ Downloaded description (99 chars)

[42/53] Processing: oncocytoma
  ✓ Downloaded photo.jpg
  ✓ Downloaded description (138 chars)

[43/53] Processing: perinephric_hematoma
  ✓ Downloaded photo.jpg
  ✓ Downloaded description (161 chars)

[44/53] Processing: pyelonephritis
  ✓ Downloaded photo.jpg
  ✓ Downloaded description (155 chars)

[45/53] Processing: renal%20abscess
  ✓ Downloaded photo.jpg
  ✓ Downloaded description (153 chars)

[46/53] Processing: renalcyst_contrast
  ✓ Downloaded photo.jpg
  ✓ Downloaded description (163 chars)

[47/53] Processing: renalinfarcts_sicklecell
  ✓ Downloaded photo.jpg
  ✓ Downloaded description (120 chars)

[48/53] Processing: scleroderma1
  ✓ Downloaded photo.jpg
  ✓ Downloaded description (83 chars)

[49/53] Processing: scleroderma2
  ✓ Downloaded photo.jpg
  ✓ Downloaded description (83 chars)

[50/53] Processing: scleroderma3
  ✓ Downloaded photo.jpg
  ✓ Downloaded description (83 chars)

[51/53] Processing: selfstick1
  ✓ Downloaded photo.jpg
  ✓ Downloaded description (86 chars)

[52/53] Processing: transitional%20cell%20carcinoma
  ✓ Downloaded photo.jpg
  ✓ Downloaded description (168 chars)

[53/53] Processing: ureteralpolyp
  ✓ Downloaded photo.jpg
  ✓ Downloaded description (96 chars)

============================================================
SUMMARY
============================================================
Total folders processed: 53
Successfully downloaded: 52
Failed: 1

Failed folders:
  - .

Metadata saved to /Users/brianrosenthal/vibe_coding/archive/photos/metadata.json
