============================================================
Downloading Nephron.org Presentations
============================================================

alports:
  Detecting slide count...
  Found 97 slides
Downloading 97 slides...
  Using extension: .gif
  Failed slide 7: 404
  Downloaded 10/97
  Downloaded 20/97
  Downloaded 30/97
  Downloaded 40/97
  Failed slide 46: 404
  Downloaded 50/97
  Downloaded 60/97
  Downloaded 70/97
  Downloaded 80/97
  Downloaded 90/97
  Successfully downloaded 95/97 slides
  Created viewer page: /Users/brianrosenthal/vibe_coding/archive/presentations/alports/index.html

av_access:
  Detecting slide count...
  Found 57 slides
Downloading 57 slides...
  Using extension: .gif
  Downloaded 10/57
  Downloaded 20/57
  Downloaded 30/57
  Downloaded 40/57
  Downloaded 50/57
  Successfully downloaded 57/57 slides
  Created viewer page: /Users/brianrosenthal/vibe_coding/archive/presentations/av_access/index.html

BCM_RGR_102004:
  Detecting slide count...
  Found 69 slides
Downloading 69 slides...
  Using extension: .gif
  Downloaded 10/69
  Downloaded 20/69
  Downloaded 30/69
  Downloaded 40/69
  Downloaded 50/69
  Downloaded 60/69
  Successfully downloaded 69/69 slides
  Created viewer page: /Users/brianrosenthal/vibe_coding/archive/presentations/BCM_RGR_102004/index.html

BCM_RGR_52307:
  Detecting slide count...
  Found 67 slides
Downloading 67 slides...
  Using extension: .gif
  Downloaded 10/67
  Downloaded 20/67
  Downloaded 30/67
  Downloaded 40/67
  Downloaded 50/67
  Downloaded 60/67
  Successfully downloaded 67/67 slides
  Created viewer page: /Users/brianrosenthal/vibe_coding/archive/presentations/BCM_RGR_52307/index.html

BCM_RGR_erythropoiesis:
  Detecting slide count...
  Found 63 slides
Downloading 63 slides...
  Using extension: .gif
  Downloaded 10/63
  Downloaded 20/63
  Failed slide 26: 404
  Downloaded 30/63
  Downloaded 40/63
  Downloaded 50/63
  Downloaded 60/63
  Successfully downloaded 62/63 slides
  Created viewer page: /Users/brianrosenthal/vibe_coding/archive/presentations/BCM_RGR_erythropoiesis/index.html

calcium_files:
  Detecting slide count...
  Found 13 slides
Downloading 13 slides...
  Using extension: .gif
  Downloaded 10/13
  Successfully downloaded 13/13 slides
  Created viewer page: /Users/brianrosenthal/vibe_coding/archive/presentations/calcium_files/index.html

DialysisNepal:
  Detecting slide count...
  Found 57 slides
Downloading 57 slides...
  Using extension: .JPG
  Downloaded 10/57
  Downloaded 20/57
  Downloaded 30/57
  Downloaded 40/57
  Downloaded 50/57
  Successfully downloaded 57/57 slides
  Created viewer page: /Users/brianrosenthal/vibe_coding/archive/presentations/DialysisNepal/index.html

Get Connected:
  Detecting slide count...
  Found 99 slides
Downloading 99 slides...
  Using extension: .gif
  Downloaded 10/99
  Downloaded 20/99
  Downloaded 30/99
  Downloaded 40/99
  Downloaded 50/99
  Downloaded 60/99
  Downloaded 70/99
  Downloaded 80/99
  Downloaded 90/99
  Successfully downloaded 99/99 slides
  Created viewer page: /Users/brianrosenthal/vibe_coding/archive/presentations/Get Connected/index.html

Info Systems:
  Detecting slide count...
  Found 85 slides
Downloading 85 slides...
  Using extension: .gif
  Downloaded 10/85
  Downloaded 20/85
  Downloaded 30/85
  Downloaded 40/85
  Downloaded 50/85
  Downloaded 60/85
  Downloaded 70/85
  Downloaded 80/85
  Failed slide 82: 404
  Successfully downloaded 84/85 slides
  Created viewer page: /Users/brianrosenthal/vibe_coding/archive/presentations/Info Systems/index.html

internet_patients:
  Detecting slide count...
  Found 28 slides
Downloading 28 slides...
  Using extension: .gif
  Downloaded 10/28
  Downloaded 20/28
  Successfully downloaded 28/28 slides
  Created viewer page: /Users/brianrosenthal/vibe_coding/archive/presentations/internet_patients/index.html

InternetSecurity:
  Detecting slide count...
  Found 39 slides
Downloading 39 slides...
  Using extension: .gif
  Downloaded 10/39
  Downloaded 20/39
  Downloaded 30/39
  Successfully downloaded 39/39 slides
  Created viewer page: /Users/brianrosenthal/vibe_coding/archive/presentations/InternetSecurity/index.html

lessons_africa:
  Detecting slide count...
  Found 78 slides
Downloading 78 slides...
  Using extension: .gif
  Downloaded 10/78
  Downloaded 20/78
  Downloaded 30/78
  Downloaded 40/78
  Downloaded 50/78
  Downloaded 60/78
  Downloaded 70/78
  Successfully downloaded 78/78 slides
  Created viewer page: /Users/brianrosenthal/vibe_coding/archive/presentations/lessons_africa/index.html

NKF_041307:
  Detecting slide count...
  Found 33 slides
Downloading 33 slides...
  Using extension: .gif
  Downloaded 10/33
  Downloaded 20/33
  Downloaded 30/33
  Successfully downloaded 33/33 slides
  Created viewer page: /Users/brianrosenthal/vibe_coding/archive/presentations/NKF_041307/index.html

NKF_Update_2007:
  Detecting slide count...
  Found 55 slides
Downloading 55 slides...
  Using extension: .gif
  Downloaded 10/55
  Downloaded 20/55
  Downloaded 30/55
  Downloaded 40/55
  Downloaded 50/55
  Successfully downloaded 55/55 slides
  Created viewer page: /Users/brianrosenthal/vibe_coding/archive/presentations/NKF_Update_2007/index.html

PreventingKidneyFailure:
  Detecting slide count...
  Found 115 slides
Downloading 115 slides...
  Using extension: .gif
  Downloaded 10/115
  Downloaded 20/115
  Downloaded 30/115
  Downloaded 40/115
  Downloaded 50/115
  Downloaded 60/115
  Downloaded 70/115
  Downloaded 80/115
  Downloaded 90/115
  Downloaded 100/115
  Downloaded 110/115
  Successfully downloaded 115/115 slides
  Created viewer page: /Users/brianrosenthal/vibe_coding/archive/presentations/PreventingKidneyFailure/index.html

Shaldon Osaka Lecture:
  Detecting slide count...
  Found 73 slides
Downloading 73 slides...
  Using extension: .gif
  Downloaded 10/73
  Downloaded 20/73
  Downloaded 30/73
  Downloaded 40/73
  Downloaded 50/73
  Downloaded 60/73
  Downloaded 70/73
  Successfully downloaded 73/73 slides
  Created viewer page: /Users/brianrosenthal/vibe_coding/archive/presentations/Shaldon Osaka Lecture/index.html

Veins:
  Detecting slide count...
  Found 50 slides
Downloading 50 slides...
  Using extension: .gif
  Downloaded 10/50
  Downloaded 20/50
  Downloaded 30/50
  Downloaded 40/50
  Downloaded 50/50
  Successfully downloaded 50/50 slides
  Created viewer page: /Users/brianrosenthal/vibe_coding/archive/presentations/Veins/index.html

============================================================
SUMMARY: Successfully archived 17 presentations
============================================================
  BCM Clin Path Conference - Alport's Syndrome (2005): 97 slides
  AV Access: 57 slides
  Computer Magic (2004): 69 slides
  CKD-MBD (2007): 67 slides
  Erythropoiesis and VHL: 63 slides
  Visio Touchmed Example: 13 slides
  Dialysis in Nepal: 57 slides
  Get Connected: 99 slides
  Information Systems: 85 slides
  Internet for Patients: 28 slides
  Internet Security: 39 slides
  Lessons from Africa: 78 slides
  NKF 2007: 33 slides
  NKF Update 2007: 55 slides
  Preventing Kidney Failure: 115 slides
  Shaldon Osaka Lecture: 73 slides
  Veins: 50 slides

Metadata saved to presentations/metadata.json
